2024-03-29 16:15:55,660 INFO :: This message just shows basic information
2024-03-29 16:15:55,660 WARNING :: This message is about something you should pay attention to
2024-03-29 16:15:55,661 ERROR :: This message helps to debug an error that occurred in your program
2024-03-29 16:17:59,515 INFO :: This message just shows basic information
2024-03-29 16:17:59,515 WARNING :: This message is about something you should pay attention to
2024-03-29 16:17:59,515 ERROR :: This message helps to debug an error that occurred in your program
2024-03-29 16:17:59,515 INFO :: Hello from the Binance connector
2024-03-29 16:21:44,639 INFO :: This is logged in all cases
2024-05-13 13:41:26,198 INFO :: Binance Futures Client successfully initialized
2024-05-13 13:41:26,439 ERROR :: Error while making GET request to /api/v1/instrument/active: {'error': {'message': 'Missing authorization headers: api-signature', 'name': 'HTTPError'}} (error code 401)
2024-05-13 13:41:26,653 ERROR :: Error while making GET request to /api/v1/user/margin: {'error': {'message': 'Missing authorization headers: api-signature', 'name': 'HTTPError'}} (error code 401)
2024-05-13 13:41:26,656 INFO :: Bitmex Client successfully initialized
2024-05-13 13:41:27,232 INFO :: Websocket connected
2024-05-13 13:41:27,232 INFO :: Binanace connection opened
2024-05-13 13:41:27,581 INFO :: Websocket connected
2024-05-13 13:41:27,582 INFO :: Bitmex connection opened
2024-05-13 13:42:37,537 INFO :: Binance Futures Client successfully initialized
2024-05-13 13:42:37,724 ERROR :: Error while making GET request to /api/v1/instrument/active: {'error': {'message': 'Missing authorization headers: api-signature', 'name': 'HTTPError'}} (error code 401)
2024-05-13 13:42:37,924 ERROR :: Error while making GET request to /api/v1/user/margin: {'error': {'message': 'Missing authorization headers: api-signature', 'name': 'HTTPError'}} (error code 401)
2024-05-13 13:42:37,927 INFO :: Bitmex Client successfully initialized
2024-05-13 13:42:38,346 INFO :: Websocket connected
2024-05-13 13:42:38,346 INFO :: Binanace connection opened
2024-05-13 13:42:38,626 INFO :: Websocket connected
2024-05-13 13:42:38,627 INFO :: Bitmex connection opened
2024-05-13 13:47:47,896 INFO :: Binance Futures Client successfully initialized
2024-05-13 13:47:48,210 ERROR :: Error while making GET request to /api/v1/instrument/active: {'error': {'message': 'Missing authorization headers: api-signature', 'name': 'HTTPError'}} (error code 401)
2024-05-13 13:47:48,394 ERROR :: Error while making GET request to /api/v1/user/margin: {'error': {'message': 'Missing authorization headers: api-signature', 'name': 'HTTPError'}} (error code 401)
2024-05-13 13:47:48,397 INFO :: Bitmex Client successfully initialized
2024-05-13 13:47:48,801 INFO :: Websocket connected
2024-05-13 13:47:48,801 INFO :: Binanace connection opened
2024-05-13 13:47:49,158 INFO :: Websocket connected
2024-05-13 13:47:49,159 INFO :: Bitmex connection opened
2024-05-13 13:48:29,981 INFO :: Binance Futures Client successfully initialized
2024-05-13 13:48:30,267 ERROR :: Error while making GET request to /api/v1/instrument/active: {'error': {'message': 'Missing authorization headers: api-signature', 'name': 'HTTPError'}} (error code 401)
2024-05-13 13:48:30,486 ERROR :: Error while making GET request to /api/v1/user/margin: {'error': {'message': 'Missing authorization headers: api-signature', 'name': 'HTTPError'}} (error code 401)
2024-05-13 13:48:30,491 INFO :: Bitmex Client successfully initialized
2024-05-13 13:48:30,891 INFO :: Websocket connected
2024-05-13 13:48:30,891 INFO :: Binanace connection opened
2024-05-13 13:48:31,242 INFO :: Websocket connected
2024-05-13 13:48:31,243 INFO :: Bitmex connection opened
2024-05-13 13:49:02,128 INFO :: Binance Futures Client successfully initialized
2024-05-13 13:49:02,586 ERROR :: Error while making GET request to /api/v1/instrument/active: {'error': {'message': 'Missing authorization headers: api-signature', 'name': 'HTTPError'}} (error code 401)
2024-05-13 13:49:02,855 INFO :: Websocket connected
2024-05-13 13:49:02,855 INFO :: Binanace connection opened
2024-05-13 13:49:03,024 ERROR :: Error while making GET request to /api/v1/user/margin: {'error': {'message': 'Missing authorization headers: api-signature', 'name': 'HTTPError'}} (error code 401)
2024-05-13 13:49:03,027 INFO :: Bitmex Client successfully initialized
2024-05-13 13:49:03,758 INFO :: Websocket connected
2024-05-13 13:49:03,758 INFO :: Bitmex connection opened
2024-05-13 13:49:16,381 INFO :: Binance Futures Client successfully initialized
2024-05-13 13:49:16,926 ERROR :: Error while making GET request to /api/v1/instrument/active: {'error': {'message': 'Missing authorization headers: api-signature', 'name': 'HTTPError'}} (error code 401)
2024-05-13 13:49:17,114 INFO :: Websocket connected
2024-05-13 13:49:17,115 INFO :: Binanace connection opened
2024-05-13 13:49:17,454 ERROR :: Error while making GET request to /api/v1/user/margin: {'error': {'message': 'Missing authorization headers: api-signature', 'name': 'HTTPError'}} (error code 401)
2024-05-13 13:49:17,455 INFO :: Bitmex Client successfully initialized
2024-05-13 13:49:18,168 INFO :: Websocket connected
2024-05-13 13:49:18,168 INFO :: Bitmex connection opened
2024-05-13 13:49:45,673 INFO :: Binance Futures Client successfully initialized
2024-05-13 13:49:45,865 ERROR :: Error while making GET request to /api/v1/instrument/active: {'error': {'message': 'Missing authorization headers: api-signature', 'name': 'HTTPError'}} (error code 401)
2024-05-13 13:49:46,295 ERROR :: Error while making GET request to /api/v1/user/margin: {'error': {'message': 'Missing authorization headers: api-signature', 'name': 'HTTPError'}} (error code 401)
2024-05-13 13:49:46,300 INFO :: Bitmex Client successfully initialized
2024-05-13 13:49:46,532 INFO :: Websocket connected
2024-05-13 13:49:46,532 INFO :: Binanace connection opened
2024-05-13 13:49:47,176 INFO :: Websocket connected
2024-05-13 13:49:47,176 INFO :: Bitmex connection opened
2024-05-13 13:50:12,853 INFO :: Binance Futures Client successfully initialized
2024-05-13 13:50:13,032 ERROR :: Error while making GET request to /api/v1/instrument/active: {'error': {'message': 'Missing authorization headers: api-signature', 'name': 'HTTPError'}} (error code 401)
2024-05-13 13:50:13,230 ERROR :: Error while making GET request to /api/v1/user/margin: {'error': {'message': 'Missing authorization headers: api-signature', 'name': 'HTTPError'}} (error code 401)
2024-05-13 13:50:13,232 INFO :: Bitmex Client successfully initialized
2024-05-13 13:50:13,650 INFO :: Websocket connected
2024-05-13 13:50:13,650 INFO :: Binanace connection opened
2024-05-13 13:50:13,848 INFO :: Websocket connected
2024-05-13 13:50:13,849 INFO :: Bitmex connection opened
2024-05-13 13:50:38,930 INFO :: Binance Futures Client successfully initialized
2024-05-13 13:50:39,194 ERROR :: Error while making GET request to /api/v1/instrument/active: {'error': {'message': 'Missing authorization headers: api-signature', 'name': 'HTTPError'}} (error code 401)
2024-05-13 13:50:39,636 ERROR :: Error while making GET request to /api/v1/user/margin: {'error': {'message': 'Missing authorization headers: api-signature', 'name': 'HTTPError'}} (error code 401)
2024-05-13 13:50:39,639 INFO :: Bitmex Client successfully initialized
2024-05-13 13:50:39,814 INFO :: Websocket connected
2024-05-13 13:50:39,814 INFO :: Binanace connection opened
2024-05-13 13:50:40,323 INFO :: Websocket connected
2024-05-13 13:50:40,324 INFO :: Bitmex connection opened
2024-05-13 13:51:00,297 INFO :: Binance Futures Client successfully initialized
2024-05-13 13:51:00,496 ERROR :: Error while making GET request to /api/v1/instrument/active: {'error': {'message': 'Missing authorization headers: api-signature', 'name': 'HTTPError'}} (error code 401)
2024-05-13 13:51:00,916 ERROR :: Error while making GET request to /api/v1/user/margin: {'error': {'message': 'Missing authorization headers: api-signature', 'name': 'HTTPError'}} (error code 401)
2024-05-13 13:51:00,921 INFO :: Bitmex Client successfully initialized
2024-05-13 13:51:01,139 INFO :: Websocket connected
2024-05-13 13:51:01,139 INFO :: Binanace connection opened
2024-05-13 13:51:01,729 INFO :: Websocket connected
2024-05-13 13:51:01,730 INFO :: Bitmex connection opened
2024-05-13 13:51:14,632 INFO :: Binance Futures Client successfully initialized
2024-05-13 13:51:15,083 ERROR :: Error while making GET request to /api/v1/instrument/active: {'error': {'message': 'Missing authorization headers: api-signature', 'name': 'HTTPError'}} (error code 401)
2024-05-13 13:51:15,263 ERROR :: Error while making GET request to /api/v1/user/margin: {'error': {'message': 'Missing authorization headers: api-signature', 'name': 'HTTPError'}} (error code 401)
2024-05-13 13:51:15,268 INFO :: Bitmex Client successfully initialized
2024-05-13 13:51:15,432 INFO :: Websocket connected
2024-05-13 13:51:15,433 INFO :: Binanace connection opened
2024-05-13 13:51:15,868 INFO :: Websocket connected
2024-05-13 13:51:15,868 INFO :: Bitmex connection opened
